#
# There is insufficient memory for the Java Runtime Environment to continue.
# Native memory allocation (mmap) failed to map 264241152 bytes. Error detail: G1 virtual space
# Possible reasons:
#   The system is out of physical RAM or swap space
#   This process is running with CompressedOops enabled, and the Java Heap may be blocking the growth of the native heap
# Possible solutions:
#   Reduce memory load on the system
#   Increase physical memory or swap space
#   Check if swap backing store is full
#   Decrease Java heap size (-Xmx/-Xms)
#   Decrease number of Java threads
#   Decrease Java thread stack sizes (-Xss)
#   Set larger code cache with -XX:ReservedCodeCacheSize=
#   JVM is running with Zero Based Compressed Oops mode in which the Java heap is
#     placed in the first 32GB address space. The Java Heap base address is the
#     maximum limit for the native heap growth. Please use -XX:HeapBaseMinAddress
#     to set the Java Heap base and to place the Java Heap above 32GB virtual address.
# This output file may be truncated or incomplete.
#
#  Out of Memory Error (os_windows.cpp:3713), pid=31040, tid=44684
#
# JRE version:  (21.0.8+9) (build )
# Java VM: OpenJDK 64-Bit Server VM (21.0.8+9-LTS, mixed mode, sharing, tiered, compressed oops, compressed class ptrs, g1 gc, windows-amd64)
# No core dump will be written. Minidumps are not enabled by default on client versions of Windows
#

---------------  S U M M A R Y ------------

Command Line: -Djava.library.path=C:\Users\Dell\Downloads\OneDrive_2_25.02.2025\jogamp-all-platforms\jogamp-all-platforms\jar;C:\Users\Dell\Downloads\OneDrive_2_25.02.2025\jogamp-all-platforms\jogamp-all-platforms\jar -Dfile.encoding=UTF-8 -Dstdout.encoding=UTF-8 -Dstderr.encoding=UTF-8 -XX:+ShowCodeDetailsInExceptionMessages projekt.project

Host: 11th Gen Intel(R) Core(TM) i7-1185G7 @ 3.00GHz, 8 cores, 15G,  Windows 11 , 64 bit Build 22621 (10.0.22621.5415)
Time: Wed May 27 05:49:19 2026 Ulaanbaatar Standard Time elapsed time: 0.015886 seconds (0d 0h 0m 0s)

---------------  T H R E A D  ---------------

Current thread (0x0000025d6f910760):  JavaThread "Unknown thread" [_thread_in_vm, id=44684, stack(0x000000af97a00000,0x000000af97b00000) (1024K)]

Stack: [0x000000af97a00000,0x000000af97b00000]
Native frames: (J=compiled Java code, j=interpreted, Vv=VM code, C=native code)
V  [jvm.dll+0x6d2449]
V  [jvm.dll+0x8ae341]
V  [jvm.dll+0x8b08be]
V  [jvm.dll+0x8b0fa3]
V  [jvm.dll+0x280c96]
V  [jvm.dll+0x6cec15]
V  [jvm.dll+0x6c2c3a]
V  [jvm.dll+0x35867a]
V  [jvm.dll+0x360246]
V  [jvm.dll+0x3b1f9e]
V  [jvm.dll+0x3b2248]
V  [jvm.dll+0x32c8fc]
V  [jvm.dll+0x32d45b]
V  [jvm.dll+0x8775d9]
V  [jvm.dll+0x3bed71]
V  [jvm.dll+0x8605d3]
V  [jvm.dll+0x4530ee]
V  [jvm.dll+0x454d31]
C  [jli.dll+0x5278]
C  [ucrtbase.dll+0x29333]
C  [KERNEL32.DLL+0x1259d]
C  [ntdll.dll+0x5af78]


---------------  P R O C E S S  ---------------

Threads class SMR info:
_java_thread_list=0x00007ffd7c8711c8, length=0, elements={
}

Java Threads: ( => current thread )
Total: 0

Other Threads:
  0x0000025d6f8efb40 WorkerThread "GC Thread#0"                     [id=52980, stack(0x000000af97b00000,0x000000af97c00000) (1024K)]
  0x0000025d71c951b0 ConcurrentGCThread "G1 Main Marker"            [id=16336, stack(0x000000af97c00000,0x000000af97d00000) (1024K)]
  0x0000025d6f8ee920 WorkerThread "G1 Conc#0"                       [id=23144, stack(0x000000af97d00000,0x000000af97e00000) (1024K)]

[error occurred during error reporting (printing all threads), id 0xc0000005, EXCEPTION_ACCESS_VIOLATION (0xc0000005) at pc=0x00007ffd7bf6f137]
VM state: not at safepoint (not fully initialized)

VM Mutex/Monitor currently owned by a thread:  ([mutex/lock_event])
[0x00007ffd7c8e5558] Heap_lock - owner thread: 0x0000025d6f910760

Heap address: 0x0000000704400000, size: 4028 MB, Compressed Oops mode: Zero based, Oop shift amount: 3

CDS archive(s) mapped at: [0x0000000000000000-0x0000000000000000-0x0000000000000000), size 0, SharedBaseAddress: 0x0000000800000000, ArchiveRelocationMode: 1.
Narrow klass base: 0x0000000000000000, Narrow klass shift: 0, Narrow klass range: 0x0

GC Precious Log:
 CardTable entry size: 512
 Card Set container configuration: InlinePtr #cards 4 size 8 Array Of Cards #cards 16 size 48 Howl #buckets 8 coarsen threshold 3686 Howl Bitmap #cards 512 size 80 coarsen threshold 460 Card regions per heap region 1 cards per card region 4096

Heap:
 garbage-first heap   total 0K, used 0K [0x0000000704400000, 0x0000000800000000)
  region size 2048K, 0 young (0K), 0 survivors (0K)

[error occurred during error reporting (printing heap information), id 0xc0000005, EXCEPTION_ACCESS_VIOLATION (0xc0000005) at pc=0x00007ffd7c35bba9]
GC Heap History (0 events):
No events

Dll operation events (1 events):
Event: 0.009 Loaded shared library C:\Users\Dell\.p2\pool\plugins\org.eclipse.justj.openjdk.hotspot.jre.full.win32.x86_64_21.0.8.v20250724-1412\jre\bin\java.dll

Deoptimization events (0 events):
No events

Classes loaded (0 events):
No events

Classes unloaded (0 events):
No events

Classes redefined (0 events):
No events

Internal exceptions (0 events):
No events

ZGC Phase Switch (0 events):
No events

VM Operations (0 events):
No events

Memory protections (0 events):
No events

Nmethod flushes (0 events):
No events

Events (0 events):
No events


Dynamic libraries:
0x00007ff624640000 - 0x00007ff62464e000 	C:\Users\Dell\.p2\pool\plugins\org.eclipse.justj.openjdk.hotspot.jre.full.win32.x86_64_21.0.8.v20250724-1412\jre\bin\javaw.exe
0x00007ffe115b0000 - 0x00007ffe117c8000 	C:\Windows\SYSTEM32\ntdll.dll
0x00007ffe10420000 - 0x00007ffe104e4000 	C:\Windows\System32\KERNEL32.DLL
0x00007ffe0e6c0000 - 0x00007ffe0ea93000 	C:\Windows\System32\KERNELBASE.dll
0x00007ffe0eaa0000 - 0x00007ffe0ebb1000 	C:\Windows\System32\ucrtbase.dll
0x00007ffde9be0000 - 0x00007ffde9bfe000 	C:\Users\Dell\.p2\pool\plugins\org.eclipse.justj.openjdk.hotspot.jre.full.win32.x86_64_21.0.8.v20250724-1412\jre\bin\VCRUNTIME140.dll
0x00007ffe08090000 - 0x00007ffe080a8000 	C:\Users\Dell\.p2\pool\plugins\org.eclipse.justj.openjdk.hotspot.jre.full.win32.x86_64_21.0.8.v20250724-1412\jre\bin\jli.dll
0x00007ffe10100000 - 0x00007ffe102b2000 	C:\Windows\System32\USER32.dll
0x00007ffe0f220000 - 0x00007ffe0f246000 	C:\Windows\System32\win32u.dll
0x00007ffdf60e0000 - 0x00007ffdf637c000 	C:\Windows\WinSxS\amd64_microsoft.windows.common-controls_6595b64144ccf1df_6.0.22621.6060_none_2712eda17382d24b\COMCTL32.dll
0x00007ffe0fa20000 - 0x00007ffe0fa49000 	C:\Windows\System32\GDI32.dll
0x00007ffe0f970000 - 0x00007ffe0fa17000 	C:\Windows\System32\msvcrt.dll
0x00007ffe0ed60000 - 0x00007ffe0ee7b000 	C:\Windows\System32\gdi32full.dll
0x00007ffe0f100000 - 0x00007ffe0f19a000 	C:\Windows\System32\msvcp_win.dll
0x00007ffe0fa60000 - 0x00007ffe0fa91000 	C:\Windows\System32\IMM32.DLL
0x00007ffe0a6d0000 - 0x00007ffe0a6dc000 	C:\Users\Dell\.p2\pool\plugins\org.eclipse.justj.openjdk.hotspot.jre.full.win32.x86_64_21.0.8.v20250724-1412\jre\bin\vcruntime140_1.dll
0x00007ffde9b50000 - 0x00007ffde9bdd000 	C:\Users\Dell\.p2\pool\plugins\org.eclipse.justj.openjdk.hotspot.jre.full.win32.x86_64_21.0.8.v20250724-1412\jre\bin\msvcp140.dll
0x00007ffd7bc30000 - 0x00007ffd7c9c7000 	C:\Users\Dell\.p2\pool\plugins\org.eclipse.justj.openjdk.hotspot.jre.full.win32.x86_64_21.0.8.v20250724-1412\jre\bin\server\jvm.dll
0x00007ffe114b0000 - 0x00007ffe11561000 	C:\Windows\System32\ADVAPI32.dll
0x00007ffe10550000 - 0x00007ffe105f8000 	C:\Windows\System32\sechost.dll
0x00007ffe0ebc0000 - 0x00007ffe0ebe8000 	C:\Windows\System32\bcrypt.dll
0x00007ffe0f600000 - 0x00007ffe0f718000 	C:\Windows\System32\RPCRT4.dll
0x00007ffe0f810000 - 0x00007ffe0f881000 	C:\Windows\System32\WS2_32.dll
0x00007ffe06800000 - 0x00007ffe0680a000 	C:\Windows\SYSTEM32\VERSION.dll
0x00007ffe0e3e0000 - 0x00007ffe0e42d000 	C:\Windows\SYSTEM32\POWRPROF.dll
0x00007ffe06f00000 - 0x00007ffe06f34000 	C:\Windows\SYSTEM32\WINMM.dll
0x00007ffe0e3c0000 - 0x00007ffe0e3d3000 	C:\Windows\SYSTEM32\UMPDC.dll
0x00007ffe0d660000 - 0x00007ffe0d678000 	C:\Windows\SYSTEM32\kernel.appcore.dll
0x00007ffdf73c0000 - 0x00007ffdf73ca000 	C:\Users\Dell\.p2\pool\plugins\org.eclipse.justj.openjdk.hotspot.jre.full.win32.x86_64_21.0.8.v20250724-1412\jre\bin\jimage.dll
0x00007ffe0bb50000 - 0x00007ffe0bd83000 	C:\Windows\SYSTEM32\DBGHELP.DLL
0x00007ffe10610000 - 0x00007ffe109a1000 	C:\Windows\System32\combase.dll
0x00007ffe0f890000 - 0x00007ffe0f968000 	C:\Windows\System32\OLEAUT32.dll
0x00007ffdf1cb0000 - 0x00007ffdf1ce2000 	C:\Windows\SYSTEM32\dbgcore.DLL
0x00007ffe0f080000 - 0x00007ffe0f0fb000 	C:\Windows\System32\bcryptPrimitives.dll
0x00007ffdb6840000 - 0x00007ffdb685f000 	C:\Users\Dell\.p2\pool\plugins\org.eclipse.justj.openjdk.hotspot.jre.full.win32.x86_64_21.0.8.v20250724-1412\jre\bin\java.dll

JVMTI agents: none

dbghelp: loaded successfully - version: 4.0.5 - missing functions: none
symbol engine: initialized successfully - sym options: 0x614 - pdb path: .;C:\Users\Dell\.p2\pool\plugins\org.eclipse.justj.openjdk.hotspot.jre.full.win32.x86_64_21.0.8.v20250724-1412\jre\bin;C:\Windows\SYSTEM32;C:\Windows\WinSxS\amd64_microsoft.windows.common-controls_6595b64144ccf1df_6.0.22621.6060_none_2712eda17382d24b;C:\Users\Dell\.p2\pool\plugins\org.eclipse.justj.openjdk.hotspot.jre.full.win32.x86_64_21.0.8.v20250724-1412\jre\bin\server

VM Arguments:
jvm_args: -Djava.library.path=C:\Users\Dell\Downloads\OneDrive_2_25.02.2025\jogamp-all-platforms\jogamp-all-platforms\jar;C:\Users\Dell\Downloads\OneDrive_2_25.02.2025\jogamp-all-platforms\jogamp-all-platforms\jar -Dfile.encoding=UTF-8 -Dstdout.encoding=UTF-8 -Dstderr.encoding=UTF-8 -XX:+ShowCodeDetailsInExceptionMessages 
java_command: projekt.project
java_class_path (initial): C:\Users\Dell\eclipse-workspace\projekt\bin;C:\Users\Dell\Downloads\OneDrive_2_25.02.2025\jogamp-all-platforms\jogamp-all-platforms\jar\jogl-all.jar;C:\Users\Dell\Downloads\OneDrive_2_25.02.2025\jogamp-all-platforms\jogamp-all-platforms\jar\gluegen-rt.jar
Launcher Type: SUN_STANDARD

[Global flags]
     intx CICompilerCount                          = 4                                         {product} {ergonomic}
     uint ConcGCThreads                            = 2                                         {product} {ergonomic}
     uint G1ConcRefinementThreads                  = 8                                         {product} {ergonomic}
   size_t G1HeapRegionSize                         = 2097152                                   {product} {ergonomic}
    uintx GCDrainStackTargetSize                   = 64                                        {product} {ergonomic}
   size_t InitialHeapSize                          = 264241152                                 {product} {ergonomic}
   size_t MarkStackSize                            = 4194304                                   {product} {ergonomic}
   size_t MaxHeapSize                              = 4223664128                                {product} {ergonomic}
   size_t MinHeapDeltaBytes                        = 2097152                                   {product} {ergonomic}
   size_t MinHeapSize                              = 8388608                                   {product} {ergonomic}
    uintx NonNMethodCodeHeapSize                   = 5839372                                {pd product} {ergonomic}
    uintx NonProfiledCodeHeapSize                  = 122909434                              {pd product} {ergonomic}
    uintx ProfiledCodeHeapSize                     = 122909434                              {pd product} {ergonomic}
    uintx ReservedCodeCacheSize                    = 251658240                              {pd product} {ergonomic}
     bool SegmentedCodeCache                       = true                                      {product} {ergonomic}
     bool ShowCodeDetailsInExceptionMessages       = true                                   {manageable} {command line}
   size_t SoftMaxHeapSize                          = 4223664128                             {manageable} {ergonomic}
     bool UseCompressedOops                        = true                           {product lp64_product} {ergonomic}
     bool UseG1GC                                  = true                                      {product} {ergonomic}
     bool UseLargePagesIndividualAllocation        = false                                  {pd product} {ergonomic}

Logging:
Log output configuration:
 #0: stdout all=warning uptime,level,tags foldmultilines=false
 #1: stderr all=off uptime,level,tags foldmultilines=false

Environment Variables:
PATH=C:/Users/Dell/.p2/pool/plugins/org.eclipse.justj.openjdk.hotspot.jre.full.win32.x86_64_21.0.8.v20250724-1412/jre/bin/server;C:/Users/Dell/.p2/pool/plugins/org.eclipse.justj.openjdk.hotspot.jre.full.win32.x86_64_21.0.8.v20250724-1412/jre/bin;C:\Program Files (x86)\Common Files\Oracle\Java\javapath;C:\Program Files (x86)\Common Files\Intel\Shared Files\cpp\bin\Intel64;C:\Windows\system32;C:\Windows;C:\Windows\System32\Wbem;C:\Windows\System32\WindowsPowerShell\v1.0\;C:\Windows\System32\OpenSSH\;C:\Program Files\dotnet\;C:\Program Files (x86)\Windows Kits\10\Windows Performance Toolkit\;C:\Program Files\Microsoft SQL Server\Client SDK\ODBC\170\Tools\Binn\;C:\Program Files (x86)\Incredibuild;C:\Program Files\nodejs\;C:\Program Files\Git\cmd;C:\Program Files\Docker\Docker\resources\bin;C:\Users\Dell\AppData\Local\Microsoft\WindowsApps;C:\ffmpeg\bin;C:\Users\Dell\.dotnet\tools;C:\Users\Dell\.lmstudio\bin;C:\Users\Dell\AppData\Local\Programs\Microsoft VS Code\bin;C:\Users\Dell\AppData\Roaming\npm;C:\Users\Dell\AppData\Local\GitHubDesktop\bin;C:\Users\Dell\AppData\Local\Python\bin;C:\xampp\php;C:\Users\Dell\AppData\Local\ComposerSetup\bin;C:\Users\Dell\AppData\Roaming\Composer\vendor\bin;C:\Users\Dell\eclipse\dsl-2025-09\eclipse;
USERNAME=Dell
OS=Windows_NT
PROCESSOR_IDENTIFIER=Intel64 Family 6 Model 140 Stepping 1, GenuineIntel
TMP=C:\Users\Dell\AppData\Local\Temp
TEMP=C:\Users\Dell\AppData\Local\Temp




Periodic native trim disabled

---------------  S Y S T E M  ---------------

OS:
 Windows 11 , 64 bit Build 22621 (10.0.22621.5415)
OS uptime: 13 days 16:16 hours
Hyper-V role detected

CPU: total 8 (initial active 8) (4 cores per cpu, 2 threads per core) family 6 model 140 stepping 1 microcode 0xbe, cx8, cmov, fxsr, ht, mmx, 3dnowpref, sse, sse2, sse3, ssse3, sse4.1, sse4.2, popcnt, lzcnt, tsc, tscinvbit, avx, avx2, aes, erms, clmul, bmi1, bmi2, adx, avx512f, avx512dq, avx512cd, avx512bw, avx512vl, sha, fma, vzeroupper, avx512_vpopcntdq, avx512_vpclmulqdq, avx512_vaes, avx512_vnni, clflush, clflushopt, clwb, avx512_vbmi2, avx512_vbmi, hv, rdtscp, rdpid, fsrm, gfni, avx512_bitalg, f16c, cet_ibt, cet_ss, avx512_ifma
Processor Information for the first 8 processors :
  Max Mhz: 1805, Current Mhz: 1805, Mhz Limit: 1805

Memory: 4k page, system-wide physical 16110M (3740M free)
TotalPageFile size 25568M (AvailPageFile size 195M)
current process WorkingSet (physical memory assigned to process): 11M, peak: 11M
current process commit charge ("private bytes"): 60M, peak: 312M

vm_info: OpenJDK 64-Bit Server VM (21.0.8+9-LTS) for windows-amd64 JRE (21.0.8+9-LTS), built on 2025-07-15T00:00:00Z by "admin" with MS VC++ 17.7 (VS2022)

END.
